[debug] [2026-06-10T05:45:52.970Z] ----------------------------------------------------------------------
[debug] [2026-06-10T05:45:52.978Z] Command:       C:\Program Files\nodejs\node.exe C:\Users\Dharani\AppData\Roaming\npm\node_modules\firebase-tools\lib\bin\firebase.js deploy --only hosting
[debug] [2026-06-10T05:45:52.979Z] CLI Version:   15.19.1
[debug] [2026-06-10T05:45:52.979Z] Platform:      win32
[debug] [2026-06-10T05:45:52.979Z] Node Version:  v24.14.1
[debug] [2026-06-10T05:45:52.979Z] Time:          Wed Jun 10 2026 11:15:52 GMT+0530 (India Standard Time)
[debug] [2026-06-10T05:45:52.980Z] ----------------------------------------------------------------------
[debug] 
[debug] [2026-06-10T05:45:52.983Z] >>> [apiv2][query] GET https://firebase-public.firebaseio.com/cli.json [none]
[debug] [2026-06-10T05:46:03.329Z] > command requires scopes: ["email","openid","https://www.googleapis.com/auth/cloudplatformprojects.readonly","https://www.googleapis.com/auth/firebase","https://www.googleapis.com/auth/cloud-platform"]
[debug] [2026-06-10T05:46:03.329Z] > authorizing via signed-in user (fakeuserforall220@gmail.com)
[debug] [2026-06-10T05:46:03.330Z] [iam] checking project farmtrack-pro-1c5c5 for permissions ["firebase.projects.get","firebasehosting.sites.update"]
[debug] [2026-06-10T05:46:03.330Z] Checked if tokens are valid: false, expires at: 1780650766213
[debug] [2026-06-10T05:46:03.330Z] Checked if tokens are valid: false, expires at: 1780650766213
[debug] [2026-06-10T05:46:03.330Z] > refreshing access token with scopes: []
[debug] [2026-06-10T05:46:03.331Z] >>> [apiv2][query] POST https://www.googleapis.com/oauth2/v3/token [none]
[debug] [2026-06-10T05:46:03.331Z] >>> [apiv2][body] POST https://www.googleapis.com/oauth2/v3/token [omitted]
[debug] [2026-06-10T05:46:03.335Z] *** [apiv2] error from fetch(https://firebase-public.firebaseio.com/cli.json, {"headers":{},"method":"GET"}): FetchError: request to https://firebase-public.firebaseio.com/cli.json failed, reason: getaddrinfo ENOTFOUND firebase-public.firebaseio.com
[warn] !  Unable to fetch the CLI MOTD and remote config. This is not a fatal error, but may indicate an issue with your network connection. 
[debug] [2026-06-10T05:46:03.336Z] Failed to fetch MOTD FirebaseError: Failed to make request to https://firebase-public.firebaseio.com/cli.json
[debug] [2026-06-10T05:46:03.337Z] *** [apiv2] error from fetch(https://www.googleapis.com/oauth2/v3/token, {"headers":{},"method":"POST","body":{"_overheadLength":545,"_valueLength":212,"_valuesToMeasure":[],"writable":false,"readable":true,"dataSize":0,"maxDataSize":2097152,"pauseStreams":true,"_released":true,"_streams":[],"_currentStream":null,"_insideLoop":false,"_pendingNext":false,"_boundary":"--------------------------92552e4f914a5da5c458df23","_events":{},"_eventsCount":1}}): FetchError: request to https://www.googleapis.com/oauth2/v3/token failed, reason: getaddrinfo ENOTFOUND www.googleapis.com
[error] Authentication Error: Your credentials are no longer valid. Please run firebase login --reauth

For CI servers and headless environments, generate a new token with firebase login:ci
[debug] [2026-06-10T05:46:03.337Z] [iam] error while checking permissions, command may fail: Authentication Error: Your credentials are no longer valid. Please run firebase login --reauth

For CI servers and headless environments, generate a new token with firebase login:ci
[debug] [2026-06-10T05:46:03.338Z] Checked if tokens are valid: false, expires at: 1780650766213
[debug] [2026-06-10T05:46:03.338Z] Checked if tokens are valid: false, expires at: 1780650766213
[debug] [2026-06-10T05:46:03.338Z] > refreshing access token with scopes: []
[debug] [2026-06-10T05:46:03.338Z] >>> [apiv2][query] POST https://www.googleapis.com/oauth2/v3/token [none]
[debug] [2026-06-10T05:46:03.338Z] >>> [apiv2][body] POST https://www.googleapis.com/oauth2/v3/token [omitted]
[debug] [2026-06-10T05:46:03.342Z] *** [apiv2] error from fetch(https://www.googleapis.com/oauth2/v3/token, {"headers":{},"method":"POST","body":{"_overheadLength":545,"_valueLength":212,"_valuesToMeasure":[],"writable":false,"readable":true,"dataSize":0,"maxDataSize":2097152,"pauseStreams":true,"_released":true,"_streams":[],"_currentStream":null,"_insideLoop":false,"_pendingNext":false,"_boundary":"--------------------------285730d7da760d993236a10b","_events":{},"_eventsCount":1}}): FetchError: request to https://www.googleapis.com/oauth2/v3/token failed, reason: getaddrinfo ENOTFOUND www.googleapis.com
[error] Authentication Error: Your credentials are no longer valid. Please run firebase login --reauth

For CI servers and headless environments, generate a new token with firebase login:ci
[debug] [2026-06-10T05:46:03.342Z] Authentication Error: Your credentials are no longer valid. Please run firebase login --reauth

For CI servers and headless environments, generate a new token with firebase login:ci
[error] 
[error] Error: Assertion failed: resolving hosting target of a site with no site name or target name. This should have caused an error earlier
[debug] [2026-06-10T05:46:08.308Z] ----------------------------------------------------------------------
[debug] [2026-06-10T05:46:08.314Z] Command:       C:\Program Files\nodejs\node.exe C:\Users\Dharani\AppData\Roaming\npm\node_modules\firebase-tools\lib\bin\firebase.js deploy --only hosting
[debug] [2026-06-10T05:46:08.315Z] CLI Version:   15.19.1
[debug] [2026-06-10T05:46:08.315Z] Platform:      win32
[debug] [2026-06-10T05:46:08.315Z] Node Version:  v24.14.1
[debug] [2026-06-10T05:46:08.316Z] Time:          Wed Jun 10 2026 11:16:08 GMT+0530 (India Standard Time)
[debug] [2026-06-10T05:46:08.316Z] ----------------------------------------------------------------------
[debug] 
[debug] [2026-06-10T05:46:08.322Z] >>> [apiv2][query] GET https://firebase-public.firebaseio.com/cli.json [none]
[debug] [2026-06-10T05:46:09.986Z] > command requires scopes: ["email","openid","https://www.googleapis.com/auth/cloudplatformprojects.readonly","https://www.googleapis.com/auth/firebase","https://www.googleapis.com/auth/cloud-platform"]
[debug] [2026-06-10T05:46:09.986Z] > authorizing via signed-in user (fakeuserforall220@gmail.com)
[debug] [2026-06-10T05:46:09.987Z] [iam] checking project farmtrack-pro-1c5c5 for permissions ["firebase.projects.get","firebasehosting.sites.update"]
[debug] [2026-06-10T05:46:09.987Z] Checked if tokens are valid: false, expires at: 1780650766213
[debug] [2026-06-10T05:46:09.987Z] Checked if tokens are valid: false, expires at: 1780650766213
[debug] [2026-06-10T05:46:09.988Z] > refreshing access token with scopes: []
[debug] [2026-06-10T05:46:09.988Z] >>> [apiv2][query] POST https://www.googleapis.com/oauth2/v3/token [none]
[debug] [2026-06-10T05:46:09.989Z] >>> [apiv2][body] POST https://www.googleapis.com/oauth2/v3/token [omitted]
[debug] [2026-06-10T05:46:09.993Z] *** [apiv2] error from fetch(https://firebase-public.firebaseio.com/cli.json, {"headers":{},"method":"GET"}): FetchError: request to https://firebase-public.firebaseio.com/cli.json failed, reason: getaddrinfo ENOTFOUND firebase-public.firebaseio.com
[warn] !  Unable to fetch the CLI MOTD and remote config. This is not a fatal error, but may indicate an issue with your network connection. 
[debug] [2026-06-10T05:46:09.994Z] Failed to fetch MOTD FirebaseError: Failed to make request to https://firebase-public.firebaseio.com/cli.json
[debug] [2026-06-10T05:46:09.994Z] *** [apiv2] error from fetch(https://www.googleapis.com/oauth2/v3/token, {"headers":{},"method":"POST","body":{"_overheadLength":545,"_valueLength":212,"_valuesToMeasure":[],"writable":false,"readable":true,"dataSize":0,"maxDataSize":2097152,"pauseStreams":true,"_released":true,"_streams":[],"_currentStream":null,"_insideLoop":false,"_pendingNext":false,"_boundary":"--------------------------6144e33b1b21f07489d697fe","_events":{},"_eventsCount":1}}): FetchError: request to https://www.googleapis.com/oauth2/v3/token failed, reason: getaddrinfo ENOTFOUND www.googleapis.com
[error] Authentication Error: Your credentials are no longer valid. Please run firebase login --reauth

For CI servers and headless environments, generate a new token with firebase login:ci
[debug] [2026-06-10T05:46:09.995Z] [iam] error while checking permissions, command may fail: Authentication Error: Your credentials are no longer valid. Please run firebase login --reauth

For CI servers and headless environments, generate a new token with firebase login:ci
[debug] [2026-06-10T05:46:09.995Z] Checked if tokens are valid: false, expires at: 1780650766213
[debug] [2026-06-10T05:46:09.995Z] Checked if tokens are valid: false, expires at: 1780650766213
[debug] [2026-06-10T05:46:09.995Z] > refreshing access token with scopes: []
[debug] [2026-06-10T05:46:09.996Z] >>> [apiv2][query] POST https://www.googleapis.com/oauth2/v3/token [none]
[debug] [2026-06-10T05:46:09.996Z] >>> [apiv2][body] POST https://www.googleapis.com/oauth2/v3/token [omitted]
[debug] [2026-06-10T05:46:09.999Z] *** [apiv2] error from fetch(https://www.googleapis.com/oauth2/v3/token, {"headers":{},"method":"POST","body":{"_overheadLength":545,"_valueLength":212,"_valuesToMeasure":[],"writable":false,"readable":true,"dataSize":0,"maxDataSize":2097152,"pauseStreams":true,"_released":true,"_streams":[],"_currentStream":null,"_insideLoop":false,"_pendingNext":false,"_boundary":"--------------------------1b5400722f8cbfc7d025bc4e","_events":{},"_eventsCount":1}}): FetchError: request to https://www.googleapis.com/oauth2/v3/token failed, reason: getaddrinfo ENOTFOUND www.googleapis.com
[error] Authentication Error: Your credentials are no longer valid. Please run firebase login --reauth

For CI servers and headless environments, generate a new token with firebase login:ci
[debug] [2026-06-10T05:46:10.000Z] Authentication Error: Your credentials are no longer valid. Please run firebase login --reauth

For CI servers and headless environments, generate a new token with firebase login:ci
[error] 
[error] Error: Assertion failed: resolving hosting target of a site with no site name or target name. This should have caused an error earlier
